<?xml version="1.0" encoding="UTF-8"?>
<!-- Generated by org.testng.reporters.JUnitReportReporter -->
<testsuite hostname="DESKTOP-E5D0OB9" failures="0" tests="3" name="tests.Test01" time="13.398" errors="0" timestamp="2025-04-13T17:51:45 IST" skipped="0">
  <testcase classname="tests.Test01" name="getPollingStation" time="3.761"/>
  <testcase classname="tests.Test01" name="getPollingStation" time="3.737"/>
  <testcase classname="tests.Test01" name="getPollingStation" time="5.900"/>
</testsuite> <!-- tests.Test01 -->
